<?xml version="1.0" encoding="UTF-8"?>
<testsuite xmlns:xsi="http://www.w3.org/2001/XMLSchema-instance" xsi:noNamespaceSchemaLocation="https://maven.apache.org/surefire/maven-surefire-plugin/xsd/surefire-test-report.xsd" version="3.0.2" name="com.uade.logistica.GestionLogisticaTest" time="0.165" tests="4" errors="0" skipped="0" failures="0">
  <properties>
[...]
</properties>
  <testcase name="deshacerYDescargarRespetanLifo" classname="com.uade.logistica.GestionLogisticaTest" time="0.019"/>
  <testcase name="rechazaPesosInvalidos" classname="com.uade.logistica.GestionLogisticaTest" time="0.003"/>
  <testcase name="prioridadPorUrgenciaOPesoConOrdenDeLlegadaEnEmpates" classname="com.uade.logistica.GestionLogisticaTest" time="0.002"/>
  <testcase name="inventarioCargaObjetosConConfiguracion" classname="com.uade.logistica.GestionLogisticaTest" time="0.121"/>
</testsuite>